2019-01-12 17:35:39.8656|INFO||| Iniciando el Sistema de Turnos...

2019-01-12 17:36:14.7399|INFO||| Iniciando el Sistema de Turnos...

2019-01-12 17:39:53.0254|INFO||| Iniciando el Sistema de Turnos...

2019-01-12 17:41:15.1350|ERROR||http://localhost/api/account/login| User ID: Anonimo | Request Body {
  "email":"christian.russo91@gmail.com",
  "password":"1682951!Abmtoba",
  "BusinessType": 1
}
System.ApplicationException: Nombre de usuario, contraseña o rubro invalidos.
   at SistemaTurnos.WebApplication.WebApi.Controllers.AccountController.Login(LoginAccountDto model) in /Users/usuario/Desktop/Turnos/turnos_back/SistemaTurnos.WebApplication/WebApi/Controllers/AccountController.cs:line 80
   at lambda_method(Closure , Object , Object[] )
   at Microsoft.AspNetCore.Mvc.Internal.ControllerActionInvoker.InvokeActionMethodAsync()
   at Microsoft.AspNetCore.Mvc.Internal.ControllerActionInvoker.InvokeNextActionFilterAsync()
   at Microsoft.AspNetCore.Mvc.Internal.ControllerActionInvoker.Rethrow(ActionExecutedContext context)
   at Microsoft.AspNetCore.Mvc.Internal.ControllerActionInvoker.Next(State& next, Scope& scope, Object& state, Boolean& isCompleted)
   at Microsoft.AspNetCore.Mvc.Internal.ControllerActionInvoker.InvokeInnerFilterAsync()
   at Microsoft.AspNetCore.Mvc.Internal.ResourceInvoker.InvokeNextResourceFilter()
   at Microsoft.AspNetCore.Mvc.Internal.ResourceInvoker.Rethrow(ResourceExecutedContext context)
   at Microsoft.AspNetCore.Mvc.Internal.ResourceInvoker.Next(State& next, Scope& scope, Object& state, Boolean& isCompleted)
   at Microsoft.AspNetCore.Mvc.Internal.ResourceInvoker.InvokeFilterPipelineAsync()
   at Microsoft.AspNetCore.Mvc.Internal.ResourceInvoker.InvokeAsync()
   at Microsoft.AspNetCore.Builder.RouterMiddleware.Invoke(HttpContext httpContext)
   at Microsoft.AspNetCore.Authentication.AuthenticationMiddleware.Invoke(HttpContext context)
   at SistemaTurnos.WebApplication.WebApi.Exceptions.ExceptionHandlerMiddleware.Invoke(HttpContext context) in /Users/usuario/Desktop/Turnos/turnos_back/SistemaTurnos.WebApplication/WebApi/Exceptions/ExceptionHandlerMiddleware.cs:line 27
2019-01-12 17:48:02.9604|ERROR||http://localhost/Api/Hairdressing/HairdressingPatient/GetByFilter| User ID: 5 | Request Body {}
System.InvalidOperationException: Error generated for warning 'Microsoft.EntityFrameworkCore.Infrastructure.DetachedLazyLoadingWarning: An attempt was made to lazy-load navigation property 'Client' on detached entity of type 'Hairdressing_PatientProxy'. Lazy-loading is not supported for detached entities or entities that are loaded with 'AsNoTracking()'.'. This exception can be suppressed or logged by passing event ID 'CoreEventId.DetachedLazyLoadingWarning' to the 'ConfigureWarnings' method in 'DbContext.OnConfiguring' or 'AddDbContext'.
   at Microsoft.EntityFrameworkCore.Diagnostics.EventDefinition`2.Log[TLoggerCategory](IDiagnosticsLogger`1 logger, WarningBehavior warningBehavior, TParam1 arg1, TParam2 arg2, Exception exception)
   at Microsoft.EntityFrameworkCore.Internal.CoreLoggerExtensions.DetachedLazyLoadingWarning(IDiagnosticsLogger`1 diagnostics, DbContext context, Object entityType, String navigationName)
   at Microsoft.EntityFrameworkCore.Internal.LazyLoader.ShouldLoad(Object entity, String navigationName, NavigationEntry& navigationEntry)
   at Microsoft.EntityFrameworkCore.Internal.LazyLoader.Load(Object entity, String navigationName)
   at Microsoft.EntityFrameworkCore.Proxies.Internal.LazyLoadingInterceptor.Intercept(IInvocation invocation)
   at Castle.DynamicProxy.AbstractInvocation.Proceed()
   at Castle.Proxies.Hairdressing_PatientProxy.get_Client()
   at SistemaTurnos.Database.HairdressingModel.Hairdressing_Patient.get_FullName() in /Users/usuario/Desktop/Turnos/turnos_back/SistemaTurnos.Database/HairdressingModel/Hairdressing_Patient.cs:line 27
   at lambda_method(Closure , TransparentIdentifier`2 )
   at System.Linq.Enumerable.WhereSelectEnumerableIterator`2.MoveNext()
   at Microsoft.EntityFrameworkCore.Query.Internal.LinqOperatorProvider.ExceptionInterceptor`1.EnumeratorExceptionInterceptor.MoveNext()
   at System.Collections.Generic.List`1.AddEnumerable(IEnumerable`1 enumerable)
   at System.Linq.Enumerable.ToList[TSource](IEnumerable`1 source)
   at SistemaTurnos.WebApplication.WebApi.Controllers.HairdressingPatientController.GetByFilter(FilterHairdressingPatientDto filter) in /Users/usuario/Desktop/Turnos/turnos_back/SistemaTurnos.WebApplication/WebApi/Controllers/HairdressingPatientController.cs:line 207
   at lambda_method(Closure , Object , Object[] )
   at Microsoft.AspNetCore.Mvc.Internal.ControllerActionInvoker.InvokeActionMethodAsync()
   at Microsoft.AspNetCore.Mvc.Internal.ControllerActionInvoker.InvokeNextActionFilterAsync()
   at Microsoft.AspNetCore.Mvc.Internal.ControllerActionInvoker.Rethrow(ActionExecutedContext context)
   at Microsoft.AspNetCore.Mvc.Internal.ControllerActionInvoker.Next(State& next, Scope& scope, Object& state, Boolean& isCompleted)
   at Microsoft.AspNetCore.Mvc.Internal.ControllerActionInvoker.InvokeInnerFilterAsync()
   at Microsoft.AspNetCore.Mvc.Internal.ResourceInvoker.InvokeNextResourceFilter()
   at Microsoft.AspNetCore.Mvc.Internal.ResourceInvoker.Rethrow(ResourceExecutedContext context)
   at Microsoft.AspNetCore.Mvc.Internal.ResourceInvoker.Next(State& next, Scope& scope, Object& state, Boolean& isCompleted)
   at Microsoft.AspNetCore.Mvc.Internal.ResourceInvoker.InvokeFilterPipelineAsync()
   at Microsoft.AspNetCore.Mvc.Internal.ResourceInvoker.InvokeAsync()
   at Microsoft.AspNetCore.Builder.RouterMiddleware.Invoke(HttpContext httpContext)
   at Microsoft.AspNetCore.Authentication.AuthenticationMiddleware.Invoke(HttpContext context)
   at SistemaTurnos.WebApplication.WebApi.Exceptions.ExceptionHandlerMiddleware.Invoke(HttpContext context) in /Users/usuario/Desktop/Turnos/turnos_back/SistemaTurnos.WebApplication/WebApi/Exceptions/ExceptionHandlerMiddleware.cs:line 27
2019-01-12 17:50:21.4736|ERROR||http://localhost/Api/Hairdressing/HairdressingPatient/GetByFilter| User ID: 5 | Request Body {}
System.InvalidOperationException: Error generated for warning 'Microsoft.EntityFrameworkCore.Infrastructure.DetachedLazyLoadingWarning: An attempt was made to lazy-load navigation property 'Client' on detached entity of type 'Hairdressing_PatientProxy'. Lazy-loading is not supported for detached entities or entities that are loaded with 'AsNoTracking()'.'. This exception can be suppressed or logged by passing event ID 'CoreEventId.DetachedLazyLoadingWarning' to the 'ConfigureWarnings' method in 'DbContext.OnConfiguring' or 'AddDbContext'.
   at Microsoft.EntityFrameworkCore.Diagnostics.EventDefinition`2.Log[TLoggerCategory](IDiagnosticsLogger`1 logger, WarningBehavior warningBehavior, TParam1 arg1, TParam2 arg2, Exception exception)
   at Microsoft.EntityFrameworkCore.Internal.CoreLoggerExtensions.DetachedLazyLoadingWarning(IDiagnosticsLogger`1 diagnostics, DbContext context, Object entityType, String navigationName)
   at Microsoft.EntityFrameworkCore.Internal.LazyLoader.ShouldLoad(Object entity, String navigationName, NavigationEntry& navigationEntry)
   at Microsoft.EntityFrameworkCore.Internal.LazyLoader.Load(Object entity, String navigationName)
   at Microsoft.EntityFrameworkCore.Proxies.Internal.LazyLoadingInterceptor.Intercept(IInvocation invocation)
   at Castle.DynamicProxy.AbstractInvocation.Proceed()
   at Castle.Proxies.Hairdressing_PatientProxy.get_Client()
   at SistemaTurnos.Database.HairdressingModel.Hairdressing_Patient.get_FullName() in /Users/usuario/Desktop/Turnos/turnos_back/SistemaTurnos.Database/HairdressingModel/Hairdressing_Patient.cs:line 27
   at lambda_method(Closure , TransparentIdentifier`2 )
   at System.Linq.Enumerable.WhereSelectEnumerableIterator`2.MoveNext()
   at Microsoft.EntityFrameworkCore.Query.Internal.LinqOperatorProvider.ExceptionInterceptor`1.EnumeratorExceptionInterceptor.MoveNext()
   at System.Collections.Generic.List`1.AddEnumerable(IEnumerable`1 enumerable)
   at System.Linq.Enumerable.ToList[TSource](IEnumerable`1 source)
   at SistemaTurnos.WebApplication.WebApi.Controllers.HairdressingPatientController.GetByFilter(FilterHairdressingPatientDto filter) in /Users/usuario/Desktop/Turnos/turnos_back/SistemaTurnos.WebApplication/WebApi/Controllers/HairdressingPatientController.cs:line 207
   at lambda_method(Closure , Object , Object[] )
   at Microsoft.AspNetCore.Mvc.Internal.ControllerActionInvoker.InvokeActionMethodAsync()
   at Microsoft.AspNetCore.Mvc.Internal.ControllerActionInvoker.InvokeNextActionFilterAsync()
   at Microsoft.AspNetCore.Mvc.Internal.ControllerActionInvoker.Rethrow(ActionExecutedContext context)
   at Microsoft.AspNetCore.Mvc.Internal.ControllerActionInvoker.Next(State& next, Scope& scope, Object& state, Boolean& isCompleted)
   at Microsoft.AspNetCore.Mvc.Internal.ControllerActionInvoker.InvokeInnerFilterAsync()
   at Microsoft.AspNetCore.Mvc.Internal.ResourceInvoker.InvokeNextResourceFilter()
   at Microsoft.AspNetCore.Mvc.Internal.ResourceInvoker.Rethrow(ResourceExecutedContext context)
   at Microsoft.AspNetCore.Mvc.Internal.ResourceInvoker.Next(State& next, Scope& scope, Object& state, Boolean& isCompleted)
   at Microsoft.AspNetCore.Mvc.Internal.ResourceInvoker.InvokeFilterPipelineAsync()
   at Microsoft.AspNetCore.Mvc.Internal.ResourceInvoker.InvokeAsync()
   at Microsoft.AspNetCore.Builder.RouterMiddleware.Invoke(HttpContext httpContext)
   at Microsoft.AspNetCore.Authentication.AuthenticationMiddleware.Invoke(HttpContext context)
   at SistemaTurnos.WebApplication.WebApi.Exceptions.ExceptionHandlerMiddleware.Invoke(HttpContext context) in /Users/usuario/Desktop/Turnos/turnos_back/SistemaTurnos.WebApplication/WebApi/Exceptions/ExceptionHandlerMiddleware.cs:line 27
2019-01-12 17:50:55.1726|ERROR||http://localhost/Api/Hairdressing/HairdressingPatient/GetByFilter| User ID: 5 | Request Body {}
System.InvalidOperationException: Error generated for warning 'Microsoft.EntityFrameworkCore.Infrastructure.DetachedLazyLoadingWarning: An attempt was made to lazy-load navigation property 'Client' on detached entity of type 'Hairdressing_PatientProxy'. Lazy-loading is not supported for detached entities or entities that are loaded with 'AsNoTracking()'.'. This exception can be suppressed or logged by passing event ID 'CoreEventId.DetachedLazyLoadingWarning' to the 'ConfigureWarnings' method in 'DbContext.OnConfiguring' or 'AddDbContext'.
   at Microsoft.EntityFrameworkCore.Diagnostics.EventDefinition`2.Log[TLoggerCategory](IDiagnosticsLogger`1 logger, WarningBehavior warningBehavior, TParam1 arg1, TParam2 arg2, Exception exception)
   at Microsoft.EntityFrameworkCore.Internal.CoreLoggerExtensions.DetachedLazyLoadingWarning(IDiagnosticsLogger`1 diagnostics, DbContext context, Object entityType, String navigationName)
   at Microsoft.EntityFrameworkCore.Internal.LazyLoader.ShouldLoad(Object entity, String navigationName, NavigationEntry& navigationEntry)
   at Microsoft.EntityFrameworkCore.Internal.LazyLoader.Load(Object entity, String navigationName)
   at Microsoft.EntityFrameworkCore.Proxies.Internal.LazyLoadingInterceptor.Intercept(IInvocation invocation)
   at Castle.DynamicProxy.AbstractInvocation.Proceed()
   at Castle.Proxies.Hairdressing_PatientProxy.get_Client()
   at SistemaTurnos.Database.HairdressingModel.Hairdressing_Patient.get_FullName() in /Users/usuario/Desktop/Turnos/turnos_back/SistemaTurnos.Database/HairdressingModel/Hairdressing_Patient.cs:line 27
   at lambda_method(Closure , TransparentIdentifier`2 )
   at System.Linq.Enumerable.WhereSelectEnumerableIterator`2.MoveNext()
   at Microsoft.EntityFrameworkCore.Query.Internal.LinqOperatorProvider.ExceptionInterceptor`1.EnumeratorExceptionInterceptor.MoveNext()
   at System.Collections.Generic.List`1.AddEnumerable(IEnumerable`1 enumerable)
   at System.Linq.Enumerable.ToList[TSource](IEnumerable`1 source)
   at SistemaTurnos.WebApplication.WebApi.Controllers.HairdressingPatientController.GetByFilter(FilterHairdressingPatientDto filter) in /Users/usuario/Desktop/Turnos/turnos_back/SistemaTurnos.WebApplication/WebApi/Controllers/HairdressingPatientController.cs:line 207
   at lambda_method(Closure , Object , Object[] )
   at Microsoft.AspNetCore.Mvc.Internal.ControllerActionInvoker.InvokeActionMethodAsync()
   at Microsoft.AspNetCore.Mvc.Internal.ControllerActionInvoker.InvokeNextActionFilterAsync()
   at Microsoft.AspNetCore.Mvc.Internal.ControllerActionInvoker.Rethrow(ActionExecutedContext context)
   at Microsoft.AspNetCore.Mvc.Internal.ControllerActionInvoker.Next(State& next, Scope& scope, Object& state, Boolean& isCompleted)
   at Microsoft.AspNetCore.Mvc.Internal.ControllerActionInvoker.InvokeInnerFilterAsync()
   at Microsoft.AspNetCore.Mvc.Internal.ResourceInvoker.InvokeNextResourceFilter()
   at Microsoft.AspNetCore.Mvc.Internal.ResourceInvoker.Rethrow(ResourceExecutedContext context)
   at Microsoft.AspNetCore.Mvc.Internal.ResourceInvoker.Next(State& next, Scope& scope, Object& state, Boolean& isCompleted)
   at Microsoft.AspNetCore.Mvc.Internal.ResourceInvoker.InvokeFilterPipelineAsync()
   at Microsoft.AspNetCore.Mvc.Internal.ResourceInvoker.InvokeAsync()
   at Microsoft.AspNetCore.Builder.RouterMiddleware.Invoke(HttpContext httpContext)
   at Microsoft.AspNetCore.Authentication.AuthenticationMiddleware.Invoke(HttpContext context)
   at SistemaTurnos.WebApplication.WebApi.Exceptions.ExceptionHandlerMiddleware.Invoke(HttpContext context) in /Users/usuario/Desktop/Turnos/turnos_back/SistemaTurnos.WebApplication/WebApi/Exceptions/ExceptionHandlerMiddleware.cs:line 27
2019-01-12 17:51:26.3956|ERROR||http://localhost/Api/Hairdressing/HairdressingPatient/GetByFilter| User ID: 5 | Request Body {}
System.InvalidOperationException: Error generated for warning 'Microsoft.EntityFrameworkCore.Infrastructure.DetachedLazyLoadingWarning: An attempt was made to lazy-load navigation property 'Client' on detached entity of type 'Hairdressing_PatientProxy'. Lazy-loading is not supported for detached entities or entities that are loaded with 'AsNoTracking()'.'. This exception can be suppressed or logged by passing event ID 'CoreEventId.DetachedLazyLoadingWarning' to the 'ConfigureWarnings' method in 'DbContext.OnConfiguring' or 'AddDbContext'.
   at Microsoft.EntityFrameworkCore.Diagnostics.EventDefinition`2.Log[TLoggerCategory](IDiagnosticsLogger`1 logger, WarningBehavior warningBehavior, TParam1 arg1, TParam2 arg2, Exception exception)
   at Microsoft.EntityFrameworkCore.Internal.CoreLoggerExtensions.DetachedLazyLoadingWarning(IDiagnosticsLogger`1 diagnostics, DbContext context, Object entityType, String navigationName)
   at Microsoft.EntityFrameworkCore.Internal.LazyLoader.ShouldLoad(Object entity, String navigationName, NavigationEntry& navigationEntry)
   at Microsoft.EntityFrameworkCore.Internal.LazyLoader.Load(Object entity, String navigationName)
   at Microsoft.EntityFrameworkCore.Proxies.Internal.LazyLoadingInterceptor.Intercept(IInvocation invocation)
   at Castle.DynamicProxy.AbstractInvocation.Proceed()
   at Castle.Proxies.Hairdressing_PatientProxy.get_Client()
   at SistemaTurnos.Database.HairdressingModel.Hairdressing_Patient.get_FullName() in /Users/usuario/Desktop/Turnos/turnos_back/SistemaTurnos.Database/HairdressingModel/Hairdressing_Patient.cs:line 27
   at lambda_method(Closure , TransparentIdentifier`2 )
   at System.Linq.Enumerable.WhereSelectEnumerableIterator`2.MoveNext()
   at Microsoft.EntityFrameworkCore.Query.Internal.LinqOperatorProvider.ExceptionInterceptor`1.EnumeratorExceptionInterceptor.MoveNext()
   at System.Collections.Generic.List`1.AddEnumerable(IEnumerable`1 enumerable)
   at System.Linq.Enumerable.ToList[TSource](IEnumerable`1 source)
   at SistemaTurnos.WebApplication.WebApi.Controllers.HairdressingPatientController.GetByFilter(FilterHairdressingPatientDto filter) in /Users/usuario/Desktop/Turnos/turnos_back/SistemaTurnos.WebApplication/WebApi/Controllers/HairdressingPatientController.cs:line 207
   at lambda_method(Closure , Object , Object[] )
   at Microsoft.AspNetCore.Mvc.Internal.ControllerActionInvoker.InvokeActionMethodAsync()
   at Microsoft.AspNetCore.Mvc.Internal.ControllerActionInvoker.InvokeNextActionFilterAsync()
   at Microsoft.AspNetCore.Mvc.Internal.ControllerActionInvoker.Rethrow(ActionExecutedContext context)
   at Microsoft.AspNetCore.Mvc.Internal.ControllerActionInvoker.Next(State& next, Scope& scope, Object& state, Boolean& isCompleted)
   at Microsoft.AspNetCore.Mvc.Internal.ControllerActionInvoker.InvokeInnerFilterAsync()
   at Microsoft.AspNetCore.Mvc.Internal.ResourceInvoker.InvokeNextResourceFilter()
   at Microsoft.AspNetCore.Mvc.Internal.ResourceInvoker.Rethrow(ResourceExecutedContext context)
   at Microsoft.AspNetCore.Mvc.Internal.ResourceInvoker.Next(State& next, Scope& scope, Object& state, Boolean& isCompleted)
   at Microsoft.AspNetCore.Mvc.Internal.ResourceInvoker.InvokeFilterPipelineAsync()
   at Microsoft.AspNetCore.Mvc.Internal.ResourceInvoker.InvokeAsync()
   at Microsoft.AspNetCore.Builder.RouterMiddleware.Invoke(HttpContext httpContext)
   at Microsoft.AspNetCore.Authentication.AuthenticationMiddleware.Invoke(HttpContext context)
   at SistemaTurnos.WebApplication.WebApi.Exceptions.ExceptionHandlerMiddleware.Invoke(HttpContext context) in /Users/usuario/Desktop/Turnos/turnos_back/SistemaTurnos.WebApplication/WebApi/Exceptions/ExceptionHandlerMiddleware.cs:line 27
