2019-03-23 11:59:21.7594|INFO||| Iniciando el Sistema de Turnos...

2019-03-23 14:18:18.1811|WARN|22|| Heartbeat took longer than "00:00:01" at "03/23/2019 17:18:17 +00:00".

2019-03-23 15:16:13.3340|INFO||| Iniciando el Sistema de Turnos...

2019-03-23 15:43:31.6946|INFO||| Iniciando el Sistema de Turnos...

2019-03-23 15:46:07.7250|ERROR||http://localhost/api/Account/Login| User ID: Anonimo | Request Body {"email":"crusso@gmail.com","password":"crusso@gmail.com","businessType":"Hairdressing"}
System.ApplicationException: Nombre de usuario, contraseña o rubro invalidos.
   at SistemaTurnos.WebApplication.WebApi.Controllers.AccountController.Login(LoginAccountDto model) in /Users/usuario/Desktop/Turnos/turnos_back/SistemaTurnos.WebApplication/WebApi/Controllers/AccountController.cs:line 106
   at lambda_method(Closure , Object , Object[] )
   at Microsoft.AspNetCore.Mvc.Internal.ControllerActionInvoker.InvokeActionMethodAsync()
   at Microsoft.AspNetCore.Mvc.Internal.ControllerActionInvoker.InvokeNextActionFilterAsync()
   at Microsoft.AspNetCore.Mvc.Internal.ControllerActionInvoker.Rethrow(ActionExecutedContext context)
   at Microsoft.AspNetCore.Mvc.Internal.ControllerActionInvoker.Next(State& next, Scope& scope, Object& state, Boolean& isCompleted)
   at Microsoft.AspNetCore.Mvc.Internal.ControllerActionInvoker.InvokeInnerFilterAsync()
   at Microsoft.AspNetCore.Mvc.Internal.ResourceInvoker.InvokeNextResourceFilter()
   at Microsoft.AspNetCore.Mvc.Internal.ResourceInvoker.Rethrow(ResourceExecutedContext context)
   at Microsoft.AspNetCore.Mvc.Internal.ResourceInvoker.Next(State& next, Scope& scope, Object& state, Boolean& isCompleted)
   at Microsoft.AspNetCore.Mvc.Internal.ResourceInvoker.InvokeFilterPipelineAsync()
   at Microsoft.AspNetCore.Mvc.Internal.ResourceInvoker.InvokeAsync()
   at Microsoft.AspNetCore.Builder.RouterMiddleware.Invoke(HttpContext httpContext)
   at Microsoft.AspNetCore.Authentication.AuthenticationMiddleware.Invoke(HttpContext context)
   at SistemaTurnos.WebApplication.WebApi.Exceptions.ExceptionHandlerMiddleware.Invoke(HttpContext context) in /Users/usuario/Desktop/Turnos/turnos_back/SistemaTurnos.WebApplication/WebApi/Exceptions/ExceptionHandlerMiddleware.cs:line 27
2019-03-23 15:52:04.4288|INFO||| Iniciando el Sistema de Turnos...

2019-03-23 15:52:57.2969|INFO||| Iniciando el Sistema de Turnos...

2019-03-23 15:57:32.3932|INFO||| Iniciando el Sistema de Turnos...

2019-03-23 16:05:33.8434|INFO||| Iniciando el Sistema de Turnos...

2019-03-23 16:15:14.5650|INFO||| Iniciando el Sistema de Turnos...

2019-03-23 16:17:13.8031|INFO||| Iniciando el Sistema de Turnos...

2019-03-23 16:25:33.6683|INFO||| Iniciando el Sistema de Turnos...

2019-03-23 16:35:59.8879|INFO||| Iniciando el Sistema de Turnos...

