2019-01-13 17:30:05.8337|INFO||| Iniciando el Sistema de Turnos...

2019-01-13 17:32:31.4750|ERROR||http://localhost/Api/Hairdressing/HairdressingPatient/GetByFilter| User ID: 5 | Request Body {}
System.InvalidOperationException: Error generated for warning 'Microsoft.EntityFrameworkCore.Infrastructure.DetachedLazyLoadingWarning: An attempt was made to lazy-load navigation property 'Client' on detached entity of type 'Hairdressing_PatientProxy'. Lazy-loading is not supported for detached entities or entities that are loaded with 'AsNoTracking()'.'. This exception can be suppressed or logged by passing event ID 'CoreEventId.DetachedLazyLoadingWarning' to the 'ConfigureWarnings' method in 'DbContext.OnConfiguring' or 'AddDbContext'.
   at Microsoft.EntityFrameworkCore.Diagnostics.EventDefinition`2.Log[TLoggerCategory](IDiagnosticsLogger`1 logger, WarningBehavior warningBehavior, TParam1 arg1, TParam2 arg2, Exception exception)
   at Microsoft.EntityFrameworkCore.Internal.CoreLoggerExtensions.DetachedLazyLoadingWarning(IDiagnosticsLogger`1 diagnostics, DbContext context, Object entityType, String navigationName)
   at Microsoft.EntityFrameworkCore.Internal.LazyLoader.ShouldLoad(Object entity, String navigationName, NavigationEntry& navigationEntry)
   at Microsoft.EntityFrameworkCore.Internal.LazyLoader.Load(Object entity, String navigationName)
   at Microsoft.EntityFrameworkCore.Proxies.Internal.LazyLoadingInterceptor.Intercept(IInvocation invocation)
   at Castle.DynamicProxy.AbstractInvocation.Proceed()
   at Castle.Proxies.Hairdressing_PatientProxy.get_Client()
   at SistemaTurnos.Database.HairdressingModel.Hairdressing_Patient.get_FullName() in /Users/usuario/Desktop/Turnos/turnos_back/SistemaTurnos.Database/HairdressingModel/Hairdressing_Patient.cs:line 27
   at lambda_method(Closure , TransparentIdentifier`2 )
   at System.Linq.Enumerable.WhereSelectEnumerableIterator`2.MoveNext()
   at Microsoft.EntityFrameworkCore.Query.Internal.LinqOperatorProvider.ExceptionInterceptor`1.EnumeratorExceptionInterceptor.MoveNext()
   at System.Collections.Generic.List`1.AddEnumerable(IEnumerable`1 enumerable)
   at System.Linq.Enumerable.ToList[TSource](IEnumerable`1 source)
   at SistemaTurnos.WebApplication.WebApi.Controllers.HairdressingPatientController.GetByFilter(FilterHairdressingPatientDto filter) in /Users/usuario/Desktop/Turnos/turnos_back/SistemaTurnos.WebApplication/WebApi/Controllers/HairdressingPatientController.cs:line 207
   at lambda_method(Closure , Object , Object[] )
   at Microsoft.AspNetCore.Mvc.Internal.ControllerActionInvoker.InvokeActionMethodAsync()
   at Microsoft.AspNetCore.Mvc.Internal.ControllerActionInvoker.InvokeNextActionFilterAsync()
   at Microsoft.AspNetCore.Mvc.Internal.ControllerActionInvoker.Rethrow(ActionExecutedContext context)
   at Microsoft.AspNetCore.Mvc.Internal.ControllerActionInvoker.Next(State& next, Scope& scope, Object& state, Boolean& isCompleted)
   at Microsoft.AspNetCore.Mvc.Internal.ControllerActionInvoker.InvokeInnerFilterAsync()
   at Microsoft.AspNetCore.Mvc.Internal.ResourceInvoker.InvokeNextResourceFilter()
   at Microsoft.AspNetCore.Mvc.Internal.ResourceInvoker.Rethrow(ResourceExecutedContext context)
   at Microsoft.AspNetCore.Mvc.Internal.ResourceInvoker.Next(State& next, Scope& scope, Object& state, Boolean& isCompleted)
   at Microsoft.AspNetCore.Mvc.Internal.ResourceInvoker.InvokeFilterPipelineAsync()
   at Microsoft.AspNetCore.Mvc.Internal.ResourceInvoker.InvokeAsync()
   at Microsoft.AspNetCore.Builder.RouterMiddleware.Invoke(HttpContext httpContext)
   at Microsoft.AspNetCore.Authentication.AuthenticationMiddleware.Invoke(HttpContext context)
   at SistemaTurnos.WebApplication.WebApi.Exceptions.ExceptionHandlerMiddleware.Invoke(HttpContext context) in /Users/usuario/Desktop/Turnos/turnos_back/SistemaTurnos.WebApplication/WebApi/Exceptions/ExceptionHandlerMiddleware.cs:line 27
2019-01-13 17:33:25.6291|ERROR||http://localhost/Api/Client/GetAllNonHairdressingPatientsByFilter| User ID: 5 | Request Body {"email":"","dni":""}
MySql.Data.MySqlClient.MySqlException (0x80004005): Table 'sistematurnos.clients' doesn't exist ---> MySql.Data.MySqlClient.MySqlException (0x80004005): Table 'sistematurnos.clients' doesn't exist
   at MySqlConnector.Core.ResultSet.ReadResultSetHeaderAsync(IOBehavior ioBehavior) in C:\projects\mysqlconnector\src\MySqlConnector\Core\ResultSet.cs:line 44
   at MySql.Data.MySqlClient.MySqlDataReader.ActivateResultSet(ResultSet resultSet) in C:\projects\mysqlconnector\src\MySqlConnector\MySql.Data.MySqlClient\MySqlDataReader.cs:line 93
   at MySql.Data.MySqlClient.MySqlDataReader.ReadFirstResultSetAsync(IOBehavior ioBehavior) in C:\projects\mysqlconnector\src\MySqlConnector\MySql.Data.MySqlClient\MySqlDataReader.cs:line 328
   at MySql.Data.MySqlClient.MySqlDataReader.CreateAsync(MySqlCommand command, CommandBehavior behavior, IOBehavior ioBehavior) in C:\projects\mysqlconnector\src\MySqlConnector\MySql.Data.MySqlClient\MySqlDataReader.cs:line 313
   at MySqlConnector.Core.TextCommandExecutor.ExecuteReaderAsync(String commandText, MySqlParameterCollection parameterCollection, CommandBehavior behavior, IOBehavior ioBehavior, CancellationToken cancellationToken) in C:\projects\mysqlconnector\src\MySqlConnector\Core\TextCommandExecutor.cs:line 73
   at MySql.Data.MySqlClient.MySqlCommand.ExecuteDbDataReader(CommandBehavior behavior) in C:\projects\mysqlconnector\src\MySqlConnector\MySql.Data.MySqlClient\MySqlCommand.cs:line 168
   at Microsoft.EntityFrameworkCore.Storage.Internal.RelationalCommand.Execute(IRelationalConnection connection, DbCommandMethod executeMethod, IReadOnlyDictionary`2 parameterValues)
   at Microsoft.EntityFrameworkCore.Storage.Internal.RelationalCommand.ExecuteReader(IRelationalConnection connection, IReadOnlyDictionary`2 parameterValues)
   at Microsoft.EntityFrameworkCore.Query.Internal.QueryingEnumerable`1.Enumerator.BufferlessMoveNext(DbContext _, Boolean buffer)
   at Pomelo.EntityFrameworkCore.MySql.Storage.Internal.MySqlExecutionStrategy.Execute[TState,TResult](TState state, Func`3 operation, Func`3 verifySucceeded)
   at Microsoft.EntityFrameworkCore.Query.Internal.QueryingEnumerable`1.Enumerator.MoveNext()
   at Microsoft.EntityFrameworkCore.Query.Internal.LinqOperatorProvider.ExceptionInterceptor`1.EnumeratorExceptionInterceptor.MoveNext()
   at System.Collections.Generic.List`1.AddEnumerable(IEnumerable`1 enumerable)
   at System.Linq.Enumerable.ToList[TSource](IEnumerable`1 source)
   at SistemaTurnos.WebApplication.WebApi.Services.ClientServiceClinic.GetAllNonHairdressingPatients(HttpContext httpContex, ClientFilterDto filter) in /Users/usuario/Desktop/Turnos/turnos_back/SistemaTurnos.WebApplication/WebApi/Services/ClientServiceClinic.cs:line 105
   at SistemaTurnos.WebApplication.WebApi.Controllers.ClientController.GetAllNonHairdressingPatientsByFilter(ClientFilterDto filter) in /Users/usuario/Desktop/Turnos/turnos_back/SistemaTurnos.WebApplication/WebApi/Controllers/ClientController.cs:line 110
   at lambda_method(Closure , Object , Object[] )
   at Microsoft.AspNetCore.Mvc.Internal.ControllerActionInvoker.InvokeActionMethodAsync()
   at Microsoft.AspNetCore.Mvc.Internal.ControllerActionInvoker.InvokeNextActionFilterAsync()
   at Microsoft.AspNetCore.Mvc.Internal.ControllerActionInvoker.Rethrow(ActionExecutedContext context)
   at Microsoft.AspNetCore.Mvc.Internal.ControllerActionInvoker.Next(State& next, Scope& scope, Object& state, Boolean& isCompleted)
   at Microsoft.AspNetCore.Mvc.Internal.ControllerActionInvoker.InvokeInnerFilterAsync()
   at Microsoft.AspNetCore.Mvc.Internal.ResourceInvoker.InvokeNextResourceFilter()
   at Microsoft.AspNetCore.Mvc.Internal.ResourceInvoker.Rethrow(ResourceExecutedContext context)
   at Microsoft.AspNetCore.Mvc.Internal.ResourceInvoker.Next(State& next, Scope& scope, Object& state, Boolean& isCompleted)
   at Microsoft.AspNetCore.Mvc.Internal.ResourceInvoker.InvokeFilterPipelineAsync()
   at Microsoft.AspNetCore.Mvc.Internal.ResourceInvoker.InvokeAsync()
   at Microsoft.AspNetCore.Builder.RouterMiddleware.Invoke(HttpContext httpContext)
   at Microsoft.AspNetCore.Authentication.AuthenticationMiddleware.Invoke(HttpContext context)
   at SistemaTurnos.WebApplication.WebApi.Exceptions.ExceptionHandlerMiddleware.Invoke(HttpContext context) in /Users/usuario/Desktop/Turnos/turnos_back/SistemaTurnos.WebApplication/WebApi/Exceptions/ExceptionHandlerMiddleware.cs:line 27
2019-01-13 17:34:14.5821|INFO||| Iniciando el Sistema de Turnos...

2019-01-13 17:35:34.7093|ERROR||http://localhost/Api/Hairdressing/HairdressingPatient/GetByFilter| User ID: 5 | Request Body {}
System.InvalidOperationException: Error generated for warning 'Microsoft.EntityFrameworkCore.Infrastructure.DetachedLazyLoadingWarning: An attempt was made to lazy-load navigation property 'Client' on detached entity of type 'Hairdressing_PatientProxy'. Lazy-loading is not supported for detached entities or entities that are loaded with 'AsNoTracking()'.'. This exception can be suppressed or logged by passing event ID 'CoreEventId.DetachedLazyLoadingWarning' to the 'ConfigureWarnings' method in 'DbContext.OnConfiguring' or 'AddDbContext'.
   at Microsoft.EntityFrameworkCore.Diagnostics.EventDefinition`2.Log[TLoggerCategory](IDiagnosticsLogger`1 logger, WarningBehavior warningBehavior, TParam1 arg1, TParam2 arg2, Exception exception)
   at Microsoft.EntityFrameworkCore.Internal.CoreLoggerExtensions.DetachedLazyLoadingWarning(IDiagnosticsLogger`1 diagnostics, DbContext context, Object entityType, String navigationName)
   at Microsoft.EntityFrameworkCore.Internal.LazyLoader.ShouldLoad(Object entity, String navigationName, NavigationEntry& navigationEntry)
   at Microsoft.EntityFrameworkCore.Internal.LazyLoader.Load(Object entity, String navigationName)
   at Microsoft.EntityFrameworkCore.Proxies.Internal.LazyLoadingInterceptor.Intercept(IInvocation invocation)
   at Castle.DynamicProxy.AbstractInvocation.Proceed()
   at Castle.Proxies.Hairdressing_PatientProxy.get_Client()
   at SistemaTurnos.Database.HairdressingModel.Hairdressing_Patient.get_FullName() in /Users/usuario/Desktop/Turnos/turnos_back/SistemaTurnos.Database/HairdressingModel/Hairdressing_Patient.cs:line 27
   at lambda_method(Closure , TransparentIdentifier`2 )
   at System.Linq.Enumerable.WhereSelectEnumerableIterator`2.MoveNext()
   at Microsoft.EntityFrameworkCore.Query.Internal.LinqOperatorProvider.ExceptionInterceptor`1.EnumeratorExceptionInterceptor.MoveNext()
   at System.Collections.Generic.List`1.AddEnumerable(IEnumerable`1 enumerable)
   at System.Linq.Enumerable.ToList[TSource](IEnumerable`1 source)
   at SistemaTurnos.WebApplication.WebApi.Controllers.HairdressingPatientController.GetByFilter(FilterHairdressingPatientDto filter) in /Users/usuario/Desktop/Turnos/turnos_back/SistemaTurnos.WebApplication/WebApi/Controllers/HairdressingPatientController.cs:line 207
   at lambda_method(Closure , Object , Object[] )
   at Microsoft.AspNetCore.Mvc.Internal.ControllerActionInvoker.InvokeActionMethodAsync()
   at Microsoft.AspNetCore.Mvc.Internal.ControllerActionInvoker.InvokeNextActionFilterAsync()
   at Microsoft.AspNetCore.Mvc.Internal.ControllerActionInvoker.Rethrow(ActionExecutedContext context)
   at Microsoft.AspNetCore.Mvc.Internal.ControllerActionInvoker.Next(State& next, Scope& scope, Object& state, Boolean& isCompleted)
   at Microsoft.AspNetCore.Mvc.Internal.ControllerActionInvoker.InvokeInnerFilterAsync()
   at Microsoft.AspNetCore.Mvc.Internal.ResourceInvoker.InvokeNextResourceFilter()
   at Microsoft.AspNetCore.Mvc.Internal.ResourceInvoker.Rethrow(ResourceExecutedContext context)
   at Microsoft.AspNetCore.Mvc.Internal.ResourceInvoker.Next(State& next, Scope& scope, Object& state, Boolean& isCompleted)
   at Microsoft.AspNetCore.Mvc.Internal.ResourceInvoker.InvokeFilterPipelineAsync()
   at Microsoft.AspNetCore.Mvc.Internal.ResourceInvoker.InvokeAsync()
   at Microsoft.AspNetCore.Builder.RouterMiddleware.Invoke(HttpContext httpContext)
   at Microsoft.AspNetCore.Authentication.AuthenticationMiddleware.Invoke(HttpContext context)
   at SistemaTurnos.WebApplication.WebApi.Exceptions.ExceptionHandlerMiddleware.Invoke(HttpContext context) in /Users/usuario/Desktop/Turnos/turnos_back/SistemaTurnos.WebApplication/WebApi/Exceptions/ExceptionHandlerMiddleware.cs:line 27
2019-01-13 17:36:34.2418|ERROR||http://localhost/Api/Hairdressing/HairdressingPatient/GetByFilter| User ID: 5 | Request Body {}
System.InvalidOperationException: Error generated for warning 'Microsoft.EntityFrameworkCore.Infrastructure.DetachedLazyLoadingWarning: An attempt was made to lazy-load navigation property 'Client' on detached entity of type 'Hairdressing_PatientProxy'. Lazy-loading is not supported for detached entities or entities that are loaded with 'AsNoTracking()'.'. This exception can be suppressed or logged by passing event ID 'CoreEventId.DetachedLazyLoadingWarning' to the 'ConfigureWarnings' method in 'DbContext.OnConfiguring' or 'AddDbContext'.
   at Microsoft.EntityFrameworkCore.Diagnostics.EventDefinition`2.Log[TLoggerCategory](IDiagnosticsLogger`1 logger, WarningBehavior warningBehavior, TParam1 arg1, TParam2 arg2, Exception exception)
   at Microsoft.EntityFrameworkCore.Internal.CoreLoggerExtensions.DetachedLazyLoadingWarning(IDiagnosticsLogger`1 diagnostics, DbContext context, Object entityType, String navigationName)
   at Microsoft.EntityFrameworkCore.Internal.LazyLoader.ShouldLoad(Object entity, String navigationName, NavigationEntry& navigationEntry)
   at Microsoft.EntityFrameworkCore.Internal.LazyLoader.Load(Object entity, String navigationName)
   at Microsoft.EntityFrameworkCore.Proxies.Internal.LazyLoadingInterceptor.Intercept(IInvocation invocation)
   at Castle.DynamicProxy.AbstractInvocation.Proceed()
   at Castle.Proxies.Hairdressing_PatientProxy.get_Client()
   at SistemaTurnos.Database.HairdressingModel.Hairdressing_Patient.get_FullName() in /Users/usuario/Desktop/Turnos/turnos_back/SistemaTurnos.Database/HairdressingModel/Hairdressing_Patient.cs:line 27
   at lambda_method(Closure , TransparentIdentifier`2 )
   at System.Linq.Enumerable.WhereSelectEnumerableIterator`2.MoveNext()
   at Microsoft.EntityFrameworkCore.Query.Internal.LinqOperatorProvider.ExceptionInterceptor`1.EnumeratorExceptionInterceptor.MoveNext()
   at System.Collections.Generic.List`1.AddEnumerable(IEnumerable`1 enumerable)
   at System.Linq.Enumerable.ToList[TSource](IEnumerable`1 source)
   at SistemaTurnos.WebApplication.WebApi.Controllers.HairdressingPatientController.GetByFilter(FilterHairdressingPatientDto filter) in /Users/usuario/Desktop/Turnos/turnos_back/SistemaTurnos.WebApplication/WebApi/Controllers/HairdressingPatientController.cs:line 207
   at lambda_method(Closure , Object , Object[] )
   at Microsoft.AspNetCore.Mvc.Internal.ControllerActionInvoker.InvokeActionMethodAsync()
   at Microsoft.AspNetCore.Mvc.Internal.ControllerActionInvoker.InvokeNextActionFilterAsync()
   at Microsoft.AspNetCore.Mvc.Internal.ControllerActionInvoker.Rethrow(ActionExecutedContext context)
   at Microsoft.AspNetCore.Mvc.Internal.ControllerActionInvoker.Next(State& next, Scope& scope, Object& state, Boolean& isCompleted)
   at Microsoft.AspNetCore.Mvc.Internal.ControllerActionInvoker.InvokeInnerFilterAsync()
   at Microsoft.AspNetCore.Mvc.Internal.ResourceInvoker.InvokeNextResourceFilter()
   at Microsoft.AspNetCore.Mvc.Internal.ResourceInvoker.Rethrow(ResourceExecutedContext context)
   at Microsoft.AspNetCore.Mvc.Internal.ResourceInvoker.Next(State& next, Scope& scope, Object& state, Boolean& isCompleted)
   at Microsoft.AspNetCore.Mvc.Internal.ResourceInvoker.InvokeFilterPipelineAsync()
   at Microsoft.AspNetCore.Mvc.Internal.ResourceInvoker.InvokeAsync()
   at Microsoft.AspNetCore.Builder.RouterMiddleware.Invoke(HttpContext httpContext)
   at Microsoft.AspNetCore.Authentication.AuthenticationMiddleware.Invoke(HttpContext context)
   at SistemaTurnos.WebApplication.WebApi.Exceptions.ExceptionHandlerMiddleware.Invoke(HttpContext context) in /Users/usuario/Desktop/Turnos/turnos_back/SistemaTurnos.WebApplication/WebApi/Exceptions/ExceptionHandlerMiddleware.cs:line 27
2019-01-13 17:39:32.2556|ERROR||http://localhost/Api/Hairdressing/HairdressingPatient/GetByFilter| User ID: 5 | Request Body {}
System.InvalidOperationException: Error generated for warning 'Microsoft.EntityFrameworkCore.Infrastructure.DetachedLazyLoadingWarning: An attempt was made to lazy-load navigation property 'Client' on detached entity of type 'Hairdressing_PatientProxy'. Lazy-loading is not supported for detached entities or entities that are loaded with 'AsNoTracking()'.'. This exception can be suppressed or logged by passing event ID 'CoreEventId.DetachedLazyLoadingWarning' to the 'ConfigureWarnings' method in 'DbContext.OnConfiguring' or 'AddDbContext'.
   at Microsoft.EntityFrameworkCore.Diagnostics.EventDefinition`2.Log[TLoggerCategory](IDiagnosticsLogger`1 logger, WarningBehavior warningBehavior, TParam1 arg1, TParam2 arg2, Exception exception)
   at Microsoft.EntityFrameworkCore.Internal.CoreLoggerExtensions.DetachedLazyLoadingWarning(IDiagnosticsLogger`1 diagnostics, DbContext context, Object entityType, String navigationName)
   at Microsoft.EntityFrameworkCore.Internal.LazyLoader.ShouldLoad(Object entity, String navigationName, NavigationEntry& navigationEntry)
   at Microsoft.EntityFrameworkCore.Internal.LazyLoader.Load(Object entity, String navigationName)
   at Microsoft.EntityFrameworkCore.Proxies.Internal.LazyLoadingInterceptor.Intercept(IInvocation invocation)
   at Castle.DynamicProxy.AbstractInvocation.Proceed()
   at Castle.Proxies.Hairdressing_PatientProxy.get_Client()
   at SistemaTurnos.Database.HairdressingModel.Hairdressing_Patient.get_FullName() in /Users/usuario/Desktop/Turnos/turnos_back/SistemaTurnos.Database/HairdressingModel/Hairdressing_Patient.cs:line 27
   at lambda_method(Closure , TransparentIdentifier`2 )
   at System.Linq.Enumerable.WhereSelectEnumerableIterator`2.MoveNext()
   at Microsoft.EntityFrameworkCore.Query.Internal.LinqOperatorProvider.ExceptionInterceptor`1.EnumeratorExceptionInterceptor.MoveNext()
   at System.Collections.Generic.List`1.AddEnumerable(IEnumerable`1 enumerable)
   at System.Linq.Enumerable.ToList[TSource](IEnumerable`1 source)
   at SistemaTurnos.WebApplication.WebApi.Controllers.HairdressingPatientController.GetByFilter(FilterHairdressingPatientDto filter) in /Users/usuario/Desktop/Turnos/turnos_back/SistemaTurnos.WebApplication/WebApi/Controllers/HairdressingPatientController.cs:line 207
   at lambda_method(Closure , Object , Object[] )
   at Microsoft.AspNetCore.Mvc.Internal.ControllerActionInvoker.InvokeActionMethodAsync()
   at Microsoft.AspNetCore.Mvc.Internal.ControllerActionInvoker.InvokeNextActionFilterAsync()
   at Microsoft.AspNetCore.Mvc.Internal.ControllerActionInvoker.Rethrow(ActionExecutedContext context)
   at Microsoft.AspNetCore.Mvc.Internal.ControllerActionInvoker.Next(State& next, Scope& scope, Object& state, Boolean& isCompleted)
   at Microsoft.AspNetCore.Mvc.Internal.ControllerActionInvoker.InvokeInnerFilterAsync()
   at Microsoft.AspNetCore.Mvc.Internal.ResourceInvoker.InvokeNextResourceFilter()
   at Microsoft.AspNetCore.Mvc.Internal.ResourceInvoker.Rethrow(ResourceExecutedContext context)
   at Microsoft.AspNetCore.Mvc.Internal.ResourceInvoker.Next(State& next, Scope& scope, Object& state, Boolean& isCompleted)
   at Microsoft.AspNetCore.Mvc.Internal.ResourceInvoker.InvokeFilterPipelineAsync()
   at Microsoft.AspNetCore.Mvc.Internal.ResourceInvoker.InvokeAsync()
   at Microsoft.AspNetCore.Builder.RouterMiddleware.Invoke(HttpContext httpContext)
   at Microsoft.AspNetCore.Authentication.AuthenticationMiddleware.Invoke(HttpContext context)
   at SistemaTurnos.WebApplication.WebApi.Exceptions.ExceptionHandlerMiddleware.Invoke(HttpContext context) in /Users/usuario/Desktop/Turnos/turnos_back/SistemaTurnos.WebApplication/WebApi/Exceptions/ExceptionHandlerMiddleware.cs:line 27
2019-01-13 17:41:22.7684|ERROR||http://localhost/Api/Hairdressing/HairdressingPatient/GetByFilter| User ID: 5 | Request Body {}
System.InvalidOperationException: Error generated for warning 'Microsoft.EntityFrameworkCore.Infrastructure.DetachedLazyLoadingWarning: An attempt was made to lazy-load navigation property 'Client' on detached entity of type 'Hairdressing_PatientProxy'. Lazy-loading is not supported for detached entities or entities that are loaded with 'AsNoTracking()'.'. This exception can be suppressed or logged by passing event ID 'CoreEventId.DetachedLazyLoadingWarning' to the 'ConfigureWarnings' method in 'DbContext.OnConfiguring' or 'AddDbContext'.
   at Microsoft.EntityFrameworkCore.Diagnostics.EventDefinition`2.Log[TLoggerCategory](IDiagnosticsLogger`1 logger, WarningBehavior warningBehavior, TParam1 arg1, TParam2 arg2, Exception exception)
   at Microsoft.EntityFrameworkCore.Internal.CoreLoggerExtensions.DetachedLazyLoadingWarning(IDiagnosticsLogger`1 diagnostics, DbContext context, Object entityType, String navigationName)
   at Microsoft.EntityFrameworkCore.Internal.LazyLoader.ShouldLoad(Object entity, String navigationName, NavigationEntry& navigationEntry)
   at Microsoft.EntityFrameworkCore.Internal.LazyLoader.Load(Object entity, String navigationName)
   at Microsoft.EntityFrameworkCore.Proxies.Internal.LazyLoadingInterceptor.Intercept(IInvocation invocation)
   at Castle.DynamicProxy.AbstractInvocation.Proceed()
   at Castle.Proxies.Hairdressing_PatientProxy.get_Client()
   at SistemaTurnos.Database.HairdressingModel.Hairdressing_Patient.get_FullName() in /Users/usuario/Desktop/Turnos/turnos_back/SistemaTurnos.Database/HairdressingModel/Hairdressing_Patient.cs:line 27
   at lambda_method(Closure , TransparentIdentifier`2 )
   at System.Linq.Enumerable.WhereSelectEnumerableIterator`2.MoveNext()
   at Microsoft.EntityFrameworkCore.Query.Internal.LinqOperatorProvider.ExceptionInterceptor`1.EnumeratorExceptionInterceptor.MoveNext()
   at System.Collections.Generic.List`1.AddEnumerable(IEnumerable`1 enumerable)
   at System.Linq.Enumerable.ToList[TSource](IEnumerable`1 source)
   at SistemaTurnos.WebApplication.WebApi.Controllers.HairdressingPatientController.GetByFilter(FilterHairdressingPatientDto filter) in /Users/usuario/Desktop/Turnos/turnos_back/SistemaTurnos.WebApplication/WebApi/Controllers/HairdressingPatientController.cs:line 207
   at lambda_method(Closure , Object , Object[] )
   at Microsoft.AspNetCore.Mvc.Internal.ControllerActionInvoker.InvokeActionMethodAsync()
   at Microsoft.AspNetCore.Mvc.Internal.ControllerActionInvoker.InvokeNextActionFilterAsync()
   at Microsoft.AspNetCore.Mvc.Internal.ControllerActionInvoker.Rethrow(ActionExecutedContext context)
   at Microsoft.AspNetCore.Mvc.Internal.ControllerActionInvoker.Next(State& next, Scope& scope, Object& state, Boolean& isCompleted)
   at Microsoft.AspNetCore.Mvc.Internal.ControllerActionInvoker.InvokeInnerFilterAsync()
   at Microsoft.AspNetCore.Mvc.Internal.ResourceInvoker.InvokeNextResourceFilter()
   at Microsoft.AspNetCore.Mvc.Internal.ResourceInvoker.Rethrow(ResourceExecutedContext context)
   at Microsoft.AspNetCore.Mvc.Internal.ResourceInvoker.Next(State& next, Scope& scope, Object& state, Boolean& isCompleted)
   at Microsoft.AspNetCore.Mvc.Internal.ResourceInvoker.InvokeFilterPipelineAsync()
   at Microsoft.AspNetCore.Mvc.Internal.ResourceInvoker.InvokeAsync()
   at Microsoft.AspNetCore.Builder.RouterMiddleware.Invoke(HttpContext httpContext)
   at Microsoft.AspNetCore.Authentication.AuthenticationMiddleware.Invoke(HttpContext context)
   at SistemaTurnos.WebApplication.WebApi.Exceptions.ExceptionHandlerMiddleware.Invoke(HttpContext context) in /Users/usuario/Desktop/Turnos/turnos_back/SistemaTurnos.WebApplication/WebApi/Exceptions/ExceptionHandlerMiddleware.cs:line 27
2019-01-13 17:44:48.4274|ERROR||http://localhost/Api/Hairdressing/HairdressingPatient/GetByFilter| User ID: 5 | Request Body {}
System.InvalidOperationException: Error generated for warning 'Microsoft.EntityFrameworkCore.Infrastructure.DetachedLazyLoadingWarning: An attempt was made to lazy-load navigation property 'Client' on detached entity of type 'Hairdressing_PatientProxy'. Lazy-loading is not supported for detached entities or entities that are loaded with 'AsNoTracking()'.'. This exception can be suppressed or logged by passing event ID 'CoreEventId.DetachedLazyLoadingWarning' to the 'ConfigureWarnings' method in 'DbContext.OnConfiguring' or 'AddDbContext'.
   at Microsoft.EntityFrameworkCore.Diagnostics.EventDefinition`2.Log[TLoggerCategory](IDiagnosticsLogger`1 logger, WarningBehavior warningBehavior, TParam1 arg1, TParam2 arg2, Exception exception)
   at Microsoft.EntityFrameworkCore.Internal.CoreLoggerExtensions.DetachedLazyLoadingWarning(IDiagnosticsLogger`1 diagnostics, DbContext context, Object entityType, String navigationName)
   at Microsoft.EntityFrameworkCore.Internal.LazyLoader.ShouldLoad(Object entity, String navigationName, NavigationEntry& navigationEntry)
   at Microsoft.EntityFrameworkCore.Internal.LazyLoader.Load(Object entity, String navigationName)
   at Microsoft.EntityFrameworkCore.Proxies.Internal.LazyLoadingInterceptor.Intercept(IInvocation invocation)
   at Castle.DynamicProxy.AbstractInvocation.Proceed()
   at Castle.Proxies.Hairdressing_PatientProxy.get_Client()
   at SistemaTurnos.Database.HairdressingModel.Hairdressing_Patient.get_FullName() in /Users/usuario/Desktop/Turnos/turnos_back/SistemaTurnos.Database/HairdressingModel/Hairdressing_Patient.cs:line 27
   at lambda_method(Closure , TransparentIdentifier`2 )
   at System.Linq.Enumerable.WhereSelectEnumerableIterator`2.MoveNext()
   at Microsoft.EntityFrameworkCore.Query.Internal.LinqOperatorProvider.ExceptionInterceptor`1.EnumeratorExceptionInterceptor.MoveNext()
   at System.Collections.Generic.List`1.AddEnumerable(IEnumerable`1 enumerable)
   at System.Linq.Enumerable.ToList[TSource](IEnumerable`1 source)
   at SistemaTurnos.WebApplication.WebApi.Controllers.HairdressingPatientController.GetByFilter(FilterHairdressingPatientDto filter) in /Users/usuario/Desktop/Turnos/turnos_back/SistemaTurnos.WebApplication/WebApi/Controllers/HairdressingPatientController.cs:line 207
   at lambda_method(Closure , Object , Object[] )
   at Microsoft.AspNetCore.Mvc.Internal.ControllerActionInvoker.InvokeActionMethodAsync()
   at Microsoft.AspNetCore.Mvc.Internal.ControllerActionInvoker.InvokeNextActionFilterAsync()
   at Microsoft.AspNetCore.Mvc.Internal.ControllerActionInvoker.Rethrow(ActionExecutedContext context)
   at Microsoft.AspNetCore.Mvc.Internal.ControllerActionInvoker.Next(State& next, Scope& scope, Object& state, Boolean& isCompleted)
   at Microsoft.AspNetCore.Mvc.Internal.ControllerActionInvoker.InvokeInnerFilterAsync()
   at Microsoft.AspNetCore.Mvc.Internal.ResourceInvoker.InvokeNextResourceFilter()
   at Microsoft.AspNetCore.Mvc.Internal.ResourceInvoker.Rethrow(ResourceExecutedContext context)
   at Microsoft.AspNetCore.Mvc.Internal.ResourceInvoker.Next(State& next, Scope& scope, Object& state, Boolean& isCompleted)
   at Microsoft.AspNetCore.Mvc.Internal.ResourceInvoker.InvokeFilterPipelineAsync()
   at Microsoft.AspNetCore.Mvc.Internal.ResourceInvoker.InvokeAsync()
   at Microsoft.AspNetCore.Builder.RouterMiddleware.Invoke(HttpContext httpContext)
   at Microsoft.AspNetCore.Authentication.AuthenticationMiddleware.Invoke(HttpContext context)
   at SistemaTurnos.WebApplication.WebApi.Exceptions.ExceptionHandlerMiddleware.Invoke(HttpContext context) in /Users/usuario/Desktop/Turnos/turnos_back/SistemaTurnos.WebApplication/WebApi/Exceptions/ExceptionHandlerMiddleware.cs:line 27
2019-01-13 17:45:55.1341|ERROR||http://localhost/api/account/login| User ID: Anonimo | Request Body {
  "email":"christian.russo911@gmail.com",
  "password":"christian.russo911@gmail.com",
  "BusinessType": 2
}
System.ApplicationException: Nombre de usuario, contraseña o rubro invalidos.
   at SistemaTurnos.WebApplication.WebApi.Controllers.AccountController.Login(LoginAccountDto model) in /Users/usuario/Desktop/Turnos/turnos_back/SistemaTurnos.WebApplication/WebApi/Controllers/AccountController.cs:line 84
   at lambda_method(Closure , Object , Object[] )
   at Microsoft.AspNetCore.Mvc.Internal.ControllerActionInvoker.InvokeActionMethodAsync()
   at Microsoft.AspNetCore.Mvc.Internal.ControllerActionInvoker.InvokeNextActionFilterAsync()
   at Microsoft.AspNetCore.Mvc.Internal.ControllerActionInvoker.Rethrow(ActionExecutedContext context)
   at Microsoft.AspNetCore.Mvc.Internal.ControllerActionInvoker.Next(State& next, Scope& scope, Object& state, Boolean& isCompleted)
   at Microsoft.AspNetCore.Mvc.Internal.ControllerActionInvoker.InvokeInnerFilterAsync()
   at Microsoft.AspNetCore.Mvc.Internal.ResourceInvoker.InvokeNextResourceFilter()
   at Microsoft.AspNetCore.Mvc.Internal.ResourceInvoker.Rethrow(ResourceExecutedContext context)
   at Microsoft.AspNetCore.Mvc.Internal.ResourceInvoker.Next(State& next, Scope& scope, Object& state, Boolean& isCompleted)
   at Microsoft.AspNetCore.Mvc.Internal.ResourceInvoker.InvokeFilterPipelineAsync()
   at Microsoft.AspNetCore.Mvc.Internal.ResourceInvoker.InvokeAsync()
   at Microsoft.AspNetCore.Builder.RouterMiddleware.Invoke(HttpContext httpContext)
   at Microsoft.AspNetCore.Authentication.AuthenticationMiddleware.Invoke(HttpContext context)
   at SistemaTurnos.WebApplication.WebApi.Exceptions.ExceptionHandlerMiddleware.Invoke(HttpContext context) in /Users/usuario/Desktop/Turnos/turnos_back/SistemaTurnos.WebApplication/WebApi/Exceptions/ExceptionHandlerMiddleware.cs:line 27
2019-01-13 17:51:03.0234|ERROR||http://localhost/Api/Hairdressing/HairdressingPatient/GetByFilter| User ID: 5 | Request Body {}
System.InvalidOperationException: Error generated for warning 'Microsoft.EntityFrameworkCore.Infrastructure.DetachedLazyLoadingWarning: An attempt was made to lazy-load navigation property 'Client' on detached entity of type 'Hairdressing_PatientProxy'. Lazy-loading is not supported for detached entities or entities that are loaded with 'AsNoTracking()'.'. This exception can be suppressed or logged by passing event ID 'CoreEventId.DetachedLazyLoadingWarning' to the 'ConfigureWarnings' method in 'DbContext.OnConfiguring' or 'AddDbContext'.
   at Microsoft.EntityFrameworkCore.Diagnostics.EventDefinition`2.Log[TLoggerCategory](IDiagnosticsLogger`1 logger, WarningBehavior warningBehavior, TParam1 arg1, TParam2 arg2, Exception exception)
   at Microsoft.EntityFrameworkCore.Internal.CoreLoggerExtensions.DetachedLazyLoadingWarning(IDiagnosticsLogger`1 diagnostics, DbContext context, Object entityType, String navigationName)
   at Microsoft.EntityFrameworkCore.Internal.LazyLoader.ShouldLoad(Object entity, String navigationName, NavigationEntry& navigationEntry)
   at Microsoft.EntityFrameworkCore.Internal.LazyLoader.Load(Object entity, String navigationName)
   at Microsoft.EntityFrameworkCore.Proxies.Internal.LazyLoadingInterceptor.Intercept(IInvocation invocation)
   at Castle.DynamicProxy.AbstractInvocation.Proceed()
   at Castle.Proxies.Hairdressing_PatientProxy.get_Client()
   at SistemaTurnos.Database.HairdressingModel.Hairdressing_Patient.get_FullName() in /Users/usuario/Desktop/Turnos/turnos_back/SistemaTurnos.Database/HairdressingModel/Hairdressing_Patient.cs:line 27
   at lambda_method(Closure , TransparentIdentifier`2 )
   at System.Linq.Enumerable.WhereSelectEnumerableIterator`2.MoveNext()
   at Microsoft.EntityFrameworkCore.Query.Internal.LinqOperatorProvider.ExceptionInterceptor`1.EnumeratorExceptionInterceptor.MoveNext()
   at System.Collections.Generic.List`1.AddEnumerable(IEnumerable`1 enumerable)
   at System.Linq.Enumerable.ToList[TSource](IEnumerable`1 source)
   at SistemaTurnos.WebApplication.WebApi.Controllers.HairdressingPatientController.GetByFilter(FilterHairdressingPatientDto filter) in /Users/usuario/Desktop/Turnos/turnos_back/SistemaTurnos.WebApplication/WebApi/Controllers/HairdressingPatientController.cs:line 207
   at lambda_method(Closure , Object , Object[] )
   at Microsoft.AspNetCore.Mvc.Internal.ControllerActionInvoker.InvokeActionMethodAsync()
   at Microsoft.AspNetCore.Mvc.Internal.ControllerActionInvoker.InvokeNextActionFilterAsync()
   at Microsoft.AspNetCore.Mvc.Internal.ControllerActionInvoker.Rethrow(ActionExecutedContext context)
   at Microsoft.AspNetCore.Mvc.Internal.ControllerActionInvoker.Next(State& next, Scope& scope, Object& state, Boolean& isCompleted)
   at Microsoft.AspNetCore.Mvc.Internal.ControllerActionInvoker.InvokeInnerFilterAsync()
   at Microsoft.AspNetCore.Mvc.Internal.ResourceInvoker.InvokeNextResourceFilter()
   at Microsoft.AspNetCore.Mvc.Internal.ResourceInvoker.Rethrow(ResourceExecutedContext context)
   at Microsoft.AspNetCore.Mvc.Internal.ResourceInvoker.Next(State& next, Scope& scope, Object& state, Boolean& isCompleted)
   at Microsoft.AspNetCore.Mvc.Internal.ResourceInvoker.InvokeFilterPipelineAsync()
   at Microsoft.AspNetCore.Mvc.Internal.ResourceInvoker.InvokeAsync()
   at Microsoft.AspNetCore.Builder.RouterMiddleware.Invoke(HttpContext httpContext)
   at Microsoft.AspNetCore.Authentication.AuthenticationMiddleware.Invoke(HttpContext context)
   at SistemaTurnos.WebApplication.WebApi.Exceptions.ExceptionHandlerMiddleware.Invoke(HttpContext context) in /Users/usuario/Desktop/Turnos/turnos_back/SistemaTurnos.WebApplication/WebApi/Exceptions/ExceptionHandlerMiddleware.cs:line 27
2019-01-13 17:51:57.5887|ERROR||http://localhost/Api/Hairdressing/HairdressingPatient/GetByFilter| User ID: 5 | Request Body {}
System.InvalidOperationException: Error generated for warning 'Microsoft.EntityFrameworkCore.Infrastructure.DetachedLazyLoadingWarning: An attempt was made to lazy-load navigation property 'Client' on detached entity of type 'Hairdressing_PatientProxy'. Lazy-loading is not supported for detached entities or entities that are loaded with 'AsNoTracking()'.'. This exception can be suppressed or logged by passing event ID 'CoreEventId.DetachedLazyLoadingWarning' to the 'ConfigureWarnings' method in 'DbContext.OnConfiguring' or 'AddDbContext'.
   at Microsoft.EntityFrameworkCore.Diagnostics.EventDefinition`2.Log[TLoggerCategory](IDiagnosticsLogger`1 logger, WarningBehavior warningBehavior, TParam1 arg1, TParam2 arg2, Exception exception)
   at Microsoft.EntityFrameworkCore.Internal.CoreLoggerExtensions.DetachedLazyLoadingWarning(IDiagnosticsLogger`1 diagnostics, DbContext context, Object entityType, String navigationName)
   at Microsoft.EntityFrameworkCore.Internal.LazyLoader.ShouldLoad(Object entity, String navigationName, NavigationEntry& navigationEntry)
   at Microsoft.EntityFrameworkCore.Internal.LazyLoader.Load(Object entity, String navigationName)
   at Microsoft.EntityFrameworkCore.Proxies.Internal.LazyLoadingInterceptor.Intercept(IInvocation invocation)
   at Castle.DynamicProxy.AbstractInvocation.Proceed()
   at Castle.Proxies.Hairdressing_PatientProxy.get_Client()
   at SistemaTurnos.Database.HairdressingModel.Hairdressing_Patient.get_FullName() in /Users/usuario/Desktop/Turnos/turnos_back/SistemaTurnos.Database/HairdressingModel/Hairdressing_Patient.cs:line 27
   at lambda_method(Closure , TransparentIdentifier`2 )
   at System.Linq.Enumerable.WhereSelectEnumerableIterator`2.MoveNext()
   at Microsoft.EntityFrameworkCore.Query.Internal.LinqOperatorProvider.ExceptionInterceptor`1.EnumeratorExceptionInterceptor.MoveNext()
   at System.Collections.Generic.List`1.AddEnumerable(IEnumerable`1 enumerable)
   at System.Linq.Enumerable.ToList[TSource](IEnumerable`1 source)
   at SistemaTurnos.WebApplication.WebApi.Controllers.HairdressingPatientController.GetByFilter(FilterHairdressingPatientDto filter) in /Users/usuario/Desktop/Turnos/turnos_back/SistemaTurnos.WebApplication/WebApi/Controllers/HairdressingPatientController.cs:line 207
   at lambda_method(Closure , Object , Object[] )
   at Microsoft.AspNetCore.Mvc.Internal.ControllerActionInvoker.InvokeActionMethodAsync()
   at Microsoft.AspNetCore.Mvc.Internal.ControllerActionInvoker.InvokeNextActionFilterAsync()
   at Microsoft.AspNetCore.Mvc.Internal.ControllerActionInvoker.Rethrow(ActionExecutedContext context)
   at Microsoft.AspNetCore.Mvc.Internal.ControllerActionInvoker.Next(State& next, Scope& scope, Object& state, Boolean& isCompleted)
   at Microsoft.AspNetCore.Mvc.Internal.ControllerActionInvoker.InvokeInnerFilterAsync()
   at Microsoft.AspNetCore.Mvc.Internal.ResourceInvoker.InvokeNextResourceFilter()
   at Microsoft.AspNetCore.Mvc.Internal.ResourceInvoker.Rethrow(ResourceExecutedContext context)
   at Microsoft.AspNetCore.Mvc.Internal.ResourceInvoker.Next(State& next, Scope& scope, Object& state, Boolean& isCompleted)
   at Microsoft.AspNetCore.Mvc.Internal.ResourceInvoker.InvokeFilterPipelineAsync()
   at Microsoft.AspNetCore.Mvc.Internal.ResourceInvoker.InvokeAsync()
   at Microsoft.AspNetCore.Builder.RouterMiddleware.Invoke(HttpContext httpContext)
   at Microsoft.AspNetCore.Authentication.AuthenticationMiddleware.Invoke(HttpContext context)
   at SistemaTurnos.WebApplication.WebApi.Exceptions.ExceptionHandlerMiddleware.Invoke(HttpContext context) in /Users/usuario/Desktop/Turnos/turnos_back/SistemaTurnos.WebApplication/WebApi/Exceptions/ExceptionHandlerMiddleware.cs:line 27
2019-01-13 18:06:39.6654|INFO||| Iniciando el Sistema de Turnos...

2019-01-13 18:11:24.4222|ERROR||http://localhost/Api/Hairdressing/HairdressingPatient/GetByFilter| User ID: 5 | Request Body {}
System.InvalidOperationException: Error generated for warning 'Microsoft.EntityFrameworkCore.Infrastructure.DetachedLazyLoadingWarning: An attempt was made to lazy-load navigation property 'Client' on detached entity of type 'Hairdressing_PatientProxy'. Lazy-loading is not supported for detached entities or entities that are loaded with 'AsNoTracking()'.'. This exception can be suppressed or logged by passing event ID 'CoreEventId.DetachedLazyLoadingWarning' to the 'ConfigureWarnings' method in 'DbContext.OnConfiguring' or 'AddDbContext'.
   at Microsoft.EntityFrameworkCore.Diagnostics.EventDefinition`2.Log[TLoggerCategory](IDiagnosticsLogger`1 logger, WarningBehavior warningBehavior, TParam1 arg1, TParam2 arg2, Exception exception)
   at Microsoft.EntityFrameworkCore.Internal.CoreLoggerExtensions.DetachedLazyLoadingWarning(IDiagnosticsLogger`1 diagnostics, DbContext context, Object entityType, String navigationName)
   at Microsoft.EntityFrameworkCore.Internal.LazyLoader.ShouldLoad(Object entity, String navigationName, NavigationEntry& navigationEntry)
   at Microsoft.EntityFrameworkCore.Internal.LazyLoader.Load(Object entity, String navigationName)
   at Microsoft.EntityFrameworkCore.Proxies.Internal.LazyLoadingInterceptor.Intercept(IInvocation invocation)
   at Castle.DynamicProxy.AbstractInvocation.Proceed()
   at Castle.Proxies.Hairdressing_PatientProxy.get_Client()
   at SistemaTurnos.Database.HairdressingModel.Hairdressing_Patient.get_FullName() in /Users/usuario/Desktop/Turnos/turnos_back/SistemaTurnos.Database/HairdressingModel/Hairdressing_Patient.cs:line 27
   at lambda_method(Closure , TransparentIdentifier`2 )
   at System.Linq.Enumerable.WhereSelectEnumerableIterator`2.MoveNext()
   at Microsoft.EntityFrameworkCore.Query.Internal.LinqOperatorProvider.ExceptionInterceptor`1.EnumeratorExceptionInterceptor.MoveNext()
   at System.Collections.Generic.List`1.AddEnumerable(IEnumerable`1 enumerable)
   at System.Linq.Enumerable.ToList[TSource](IEnumerable`1 source)
   at SistemaTurnos.WebApplication.WebApi.Controllers.HairdressingPatientController.GetByFilter(FilterHairdressingPatientDto filter) in /Users/usuario/Desktop/Turnos/turnos_back/SistemaTurnos.WebApplication/WebApi/Controllers/HairdressingPatientController.cs:line 207
   at lambda_method(Closure , Object , Object[] )
   at Microsoft.AspNetCore.Mvc.Internal.ControllerActionInvoker.InvokeActionMethodAsync()
   at Microsoft.AspNetCore.Mvc.Internal.ControllerActionInvoker.InvokeNextActionFilterAsync()
   at Microsoft.AspNetCore.Mvc.Internal.ControllerActionInvoker.Rethrow(ActionExecutedContext context)
   at Microsoft.AspNetCore.Mvc.Internal.ControllerActionInvoker.Next(State& next, Scope& scope, Object& state, Boolean& isCompleted)
   at Microsoft.AspNetCore.Mvc.Internal.ControllerActionInvoker.InvokeInnerFilterAsync()
   at Microsoft.AspNetCore.Mvc.Internal.ResourceInvoker.InvokeNextResourceFilter()
   at Microsoft.AspNetCore.Mvc.Internal.ResourceInvoker.Rethrow(ResourceExecutedContext context)
   at Microsoft.AspNetCore.Mvc.Internal.ResourceInvoker.Next(State& next, Scope& scope, Object& state, Boolean& isCompleted)
   at Microsoft.AspNetCore.Mvc.Internal.ResourceInvoker.InvokeFilterPipelineAsync()
   at Microsoft.AspNetCore.Mvc.Internal.ResourceInvoker.InvokeAsync()
   at Microsoft.AspNetCore.Builder.RouterMiddleware.Invoke(HttpContext httpContext)
   at Microsoft.AspNetCore.Authentication.AuthenticationMiddleware.Invoke(HttpContext context)
   at SistemaTurnos.WebApplication.WebApi.Exceptions.ExceptionHandlerMiddleware.Invoke(HttpContext context) in /Users/usuario/Desktop/Turnos/turnos_back/SistemaTurnos.WebApplication/WebApi/Exceptions/ExceptionHandlerMiddleware.cs:line 27
2019-01-13 18:11:24.4222|WARN|22|| Heartbeat took longer than "00:00:01" at "01/13/2019 21:11:24 +00:00".

2019-01-13 18:12:14.4498|INFO||| Iniciando el Sistema de Turnos...

2019-01-13 18:13:09.5332|ERROR||http://localhost/Api/Hairdressing/HairdressingPatient/GetByFilter| User ID: 5 | Request Body {}
System.InvalidOperationException: Error generated for warning 'Microsoft.EntityFrameworkCore.Infrastructure.DetachedLazyLoadingWarning: An attempt was made to lazy-load navigation property 'Client' on detached entity of type 'Hairdressing_PatientProxy'. Lazy-loading is not supported for detached entities or entities that are loaded with 'AsNoTracking()'.'. This exception can be suppressed or logged by passing event ID 'CoreEventId.DetachedLazyLoadingWarning' to the 'ConfigureWarnings' method in 'DbContext.OnConfiguring' or 'AddDbContext'.
   at Microsoft.EntityFrameworkCore.Diagnostics.EventDefinition`2.Log[TLoggerCategory](IDiagnosticsLogger`1 logger, WarningBehavior warningBehavior, TParam1 arg1, TParam2 arg2, Exception exception)
   at Microsoft.EntityFrameworkCore.Internal.CoreLoggerExtensions.DetachedLazyLoadingWarning(IDiagnosticsLogger`1 diagnostics, DbContext context, Object entityType, String navigationName)
   at Microsoft.EntityFrameworkCore.Internal.LazyLoader.ShouldLoad(Object entity, String navigationName, NavigationEntry& navigationEntry)
   at Microsoft.EntityFrameworkCore.Internal.LazyLoader.Load(Object entity, String navigationName)
   at Microsoft.EntityFrameworkCore.Proxies.Internal.LazyLoadingInterceptor.Intercept(IInvocation invocation)
   at Castle.DynamicProxy.AbstractInvocation.Proceed()
   at Castle.Proxies.Hairdressing_PatientProxy.get_Client()
   at SistemaTurnos.Database.HairdressingModel.Hairdressing_Patient.get_FullName() in /Users/usuario/Desktop/Turnos/turnos_back/SistemaTurnos.Database/HairdressingModel/Hairdressing_Patient.cs:line 27
   at lambda_method(Closure , TransparentIdentifier`2 )
   at System.Linq.Enumerable.WhereSelectEnumerableIterator`2.MoveNext()
   at Microsoft.EntityFrameworkCore.Query.Internal.LinqOperatorProvider.ExceptionInterceptor`1.EnumeratorExceptionInterceptor.MoveNext()
   at System.Collections.Generic.List`1.AddEnumerable(IEnumerable`1 enumerable)
   at System.Linq.Enumerable.ToList[TSource](IEnumerable`1 source)
   at SistemaTurnos.WebApplication.WebApi.Controllers.HairdressingPatientController.GetByFilter(FilterHairdressingPatientDto filter) in /Users/usuario/Desktop/Turnos/turnos_back/SistemaTurnos.WebApplication/WebApi/Controllers/HairdressingPatientController.cs:line 207
   at lambda_method(Closure , Object , Object[] )
   at Microsoft.AspNetCore.Mvc.Internal.ControllerActionInvoker.InvokeActionMethodAsync()
   at Microsoft.AspNetCore.Mvc.Internal.ControllerActionInvoker.InvokeNextActionFilterAsync()
   at Microsoft.AspNetCore.Mvc.Internal.ControllerActionInvoker.Rethrow(ActionExecutedContext context)
   at Microsoft.AspNetCore.Mvc.Internal.ControllerActionInvoker.Next(State& next, Scope& scope, Object& state, Boolean& isCompleted)
   at Microsoft.AspNetCore.Mvc.Internal.ControllerActionInvoker.InvokeInnerFilterAsync()
   at Microsoft.AspNetCore.Mvc.Internal.ResourceInvoker.InvokeNextResourceFilter()
   at Microsoft.AspNetCore.Mvc.Internal.ResourceInvoker.Rethrow(ResourceExecutedContext context)
   at Microsoft.AspNetCore.Mvc.Internal.ResourceInvoker.Next(State& next, Scope& scope, Object& state, Boolean& isCompleted)
   at Microsoft.AspNetCore.Mvc.Internal.ResourceInvoker.InvokeFilterPipelineAsync()
   at Microsoft.AspNetCore.Mvc.Internal.ResourceInvoker.InvokeAsync()
   at Microsoft.AspNetCore.Builder.RouterMiddleware.Invoke(HttpContext httpContext)
   at Microsoft.AspNetCore.Authentication.AuthenticationMiddleware.Invoke(HttpContext context)
   at SistemaTurnos.WebApplication.WebApi.Exceptions.ExceptionHandlerMiddleware.Invoke(HttpContext context) in /Users/usuario/Desktop/Turnos/turnos_back/SistemaTurnos.WebApplication/WebApi/Exceptions/ExceptionHandlerMiddleware.cs:line 27
2019-01-13 18:13:35.3540|INFO||| Iniciando el Sistema de Turnos...

2019-01-13 18:14:44.2836|INFO||| Iniciando el Sistema de Turnos...

