2018-11-30 14:22:35.1095|INFO||| Iniciando el Sistema de Turnos...

2018-11-30 14:32:40.7933|ERROR||http://localhost/Api/Account/Login| User ID: Anonimo | Request Body {"email":"crusso@bovenco.com.ar","password":"crusso@bovenco.com.ar","businessType":"Clinic"}
System.ApplicationException: Nombre de usuario, contraseña o rubro invalidos.
   at SistemaTurnos.WebApplication.WebApi.Controllers.AccountController.Login(LoginAccountDto model) in /Users/usuario/Desktop/Turnos/turnos_back/SistemaTurnos.WebApplication/WebApi/Controllers/AccountController.cs:line 78
   at lambda_method(Closure , Object , Object[] )
   at Microsoft.AspNetCore.Mvc.Internal.ControllerActionInvoker.InvokeActionMethodAsync()
   at Microsoft.AspNetCore.Mvc.Internal.ControllerActionInvoker.InvokeNextActionFilterAsync()
   at Microsoft.AspNetCore.Mvc.Internal.ControllerActionInvoker.Rethrow(ActionExecutedContext context)
   at Microsoft.AspNetCore.Mvc.Internal.ControllerActionInvoker.Next(State& next, Scope& scope, Object& state, Boolean& isCompleted)
   at Microsoft.AspNetCore.Mvc.Internal.ControllerActionInvoker.InvokeInnerFilterAsync()
   at Microsoft.AspNetCore.Mvc.Internal.ResourceInvoker.InvokeNextResourceFilter()
   at Microsoft.AspNetCore.Mvc.Internal.ResourceInvoker.Rethrow(ResourceExecutedContext context)
   at Microsoft.AspNetCore.Mvc.Internal.ResourceInvoker.Next(State& next, Scope& scope, Object& state, Boolean& isCompleted)
   at Microsoft.AspNetCore.Mvc.Internal.ResourceInvoker.InvokeFilterPipelineAsync()
   at Microsoft.AspNetCore.Mvc.Internal.ResourceInvoker.InvokeAsync()
   at Microsoft.AspNetCore.Builder.RouterMiddleware.Invoke(HttpContext httpContext)
   at Microsoft.AspNetCore.Authentication.AuthenticationMiddleware.Invoke(HttpContext context)
   at SistemaTurnos.WebApplication.WebApi.Exceptions.ExceptionHandlerMiddleware.Invoke(HttpContext context) in /Users/usuario/Desktop/Turnos/turnos_back/SistemaTurnos.WebApplication/WebApi/Exceptions/ExceptionHandlerMiddleware.cs:line 27
2018-11-30 14:44:40.8031|ERROR|13|http://localhost/api/Statistics/GetForClinic| Connection id "0HLIMT1NU9R8A", Request id "0HLIMT1NU9R8A:00000001": An unhandled exception was thrown by the application.
System.NotSupportedException: Specified method is not supported.
   at Microsoft.AspNetCore.Server.Kestrel.Core.Internal.Http.FrameRequestStream.Seek(Int64 offset, SeekOrigin origin)
   at SistemaTurnos.WebApplication.WebApi.Exceptions.ExceptionHandlerMiddleware.GetRequestBody(HttpContext context) in /Users/usuario/Desktop/Turnos/turnos_back/SistemaTurnos.WebApplication/WebApi/Exceptions/ExceptionHandlerMiddleware.cs:line 49
   at SistemaTurnos.WebApplication.WebApi.Exceptions.ExceptionHandlerMiddleware.Invoke(HttpContext context) in /Users/usuario/Desktop/Turnos/turnos_back/SistemaTurnos.WebApplication/WebApi/Exceptions/ExceptionHandlerMiddleware.cs:line 33
   at Microsoft.AspNetCore.Hosting.Internal.RequestServicesContainerMiddleware.Invoke(HttpContext httpContext)
   at Microsoft.AspNetCore.Server.Kestrel.Core.Internal.Http.Frame`1.ProcessRequestsAsync()
2018-11-30 14:45:05.3316|ERROR|13|http://localhost/api/Statistics/GetForClinic| Connection id "0HLIMT1NU9R8A", Request id "0HLIMT1NU9R8A:00000002": An unhandled exception was thrown by the application.
System.NotSupportedException: Specified method is not supported.
   at Microsoft.AspNetCore.Server.Kestrel.Core.Internal.Http.FrameRequestStream.Seek(Int64 offset, SeekOrigin origin)
   at SistemaTurnos.WebApplication.WebApi.Exceptions.ExceptionHandlerMiddleware.GetRequestBody(HttpContext context) in /Users/usuario/Desktop/Turnos/turnos_back/SistemaTurnos.WebApplication/WebApi/Exceptions/ExceptionHandlerMiddleware.cs:line 49
   at SistemaTurnos.WebApplication.WebApi.Exceptions.ExceptionHandlerMiddleware.Invoke(HttpContext context) in /Users/usuario/Desktop/Turnos/turnos_back/SistemaTurnos.WebApplication/WebApi/Exceptions/ExceptionHandlerMiddleware.cs:line 33
   at Microsoft.AspNetCore.Hosting.Internal.RequestServicesContainerMiddleware.Invoke(HttpContext httpContext)
   at Microsoft.AspNetCore.Server.Kestrel.Core.Internal.Http.Frame`1.ProcessRequestsAsync()
2018-11-30 14:46:06.7043|ERROR|13|http://localhost/Api/Specialty/GetAllForSelect| Connection id "0HLIMT1NU9R8B", Request id "0HLIMT1NU9R8B:00000002": An unhandled exception was thrown by the application.
System.NotSupportedException: Specified method is not supported.
   at Microsoft.AspNetCore.Server.Kestrel.Core.Internal.Http.FrameRequestStream.Seek(Int64 offset, SeekOrigin origin)
   at SistemaTurnos.WebApplication.WebApi.Exceptions.ExceptionHandlerMiddleware.GetRequestBody(HttpContext context) in /Users/usuario/Desktop/Turnos/turnos_back/SistemaTurnos.WebApplication/WebApi/Exceptions/ExceptionHandlerMiddleware.cs:line 49
   at SistemaTurnos.WebApplication.WebApi.Exceptions.ExceptionHandlerMiddleware.Invoke(HttpContext context) in /Users/usuario/Desktop/Turnos/turnos_back/SistemaTurnos.WebApplication/WebApi/Exceptions/ExceptionHandlerMiddleware.cs:line 33
   at Microsoft.AspNetCore.Hosting.Internal.RequestServicesContainerMiddleware.Invoke(HttpContext httpContext)
   at Microsoft.AspNetCore.Server.Kestrel.Core.Internal.Http.Frame`1.ProcessRequestsAsync()
